<?xml version="1.0" encoding="UTF-8"?>
<testsuite xmlns:xsi="http://www.w3.org/2001/XMLSchema-instance" xsi:noNamespaceSchemaLocation="https://maven.apache.org/surefire/maven-surefire-plugin/xsd/surefire-test-report-3.0.xsd" version="3.0" name="com.sbvdeveloper.employeereact.EmployeereactApplicationTests" time="4.736" tests="1" errors="0" skipped="0" failures="0">
  <properties>
[...]
</properties>
  <testcase name="contextLoads" classname="com.sbvdeveloper.employeereact.EmployeereactApplicationTests" time="1.241">
    <system-out><![CDATA[18:16:49.082 [main] INFO org.springframework.test.context.support.AnnotationConfigContextLoaderUtils -- Could not detect default configuration classes for test class [com.sbvdeveloper.employeereact.EmployeereactApplicationTests]: EmployeereactApplicationTests does not declare any static, non-private, non-final, nested classes annotated with @Configuration.
18:16:49.281 [main] INFO org.springframework.boot.test.context.SpringBootTestContextBootstrapper -- Found @SpringBootConfiguration com.sbvdeveloper.employeereact.EmployeereactApplication for test class com.sbvdeveloper.employeereact.EmployeereactApplicationTests
18:16:49.563 [main] INFO org.springframework.boot.devtools.restart.RestartApplicationListener -- Restart disabled due to context in which it is running

  .   ____          _            __ _ _
 /\\ / ___'_ __ _ _(_)_ __  __ _ \ \ \ \
( ( )\___ | '_ | '_| | '_ \/ _` | \ \ \ \
 \\/  ___)| |_)| | | | | || (_| |  ) ) ) )
  '  |____| .__|_| |_|_| |_\__, | / / / /
 =========|_|==============|___/=/_/_/_/
 :: Spring Boot ::               (v3.2.11)

2024-11-19T18:16:50.045-05:00  INFO 352633 --- [employeereact] [           main] c.s.e.EmployeereactApplicationTests      : Starting EmployeereactApplicationTests using Java 17.0.12 with PID 352633 (started by rizzoli in /home/rizzoli/Documentos/intellijIDEA/reactive-programming-architecture-spring-webflux)
2024-11-19T18:16:50.054-05:00  INFO 352633 --- [employeereact] [           main] c.s.e.EmployeereactApplicationTests      : No active profile set, falling back to 1 default profile: "default"
2024-11-19T18:16:52.265-05:00  INFO 352633 --- [employeereact] [           main] c.s.e.EmployeereactApplicationTests      : Started EmployeereactApplicationTests in 2.723 seconds (process running for 4.381)
]]></system-out>
  </testcase>
</testsuite>